<?xml version="1.0" encoding="UTF-8" ?>
<testsuite errors="0" failures="1" hostname="B-PC" name="grails.plugins.mail.visualization.ApplicationEmailTests" tests="1" time="0.352" timestamp="2014-12-04T22:52:29">
  <properties />
  <testcase classname="grails.plugins.mail.visualization.ApplicationEmailTests" name="testConstraints" time="0.347">
    <failure message="junit.framework.AssertionFailedError: Implement me" type="junit.framework.AssertionFailedError">junit.framework.AssertionFailedError: junit.framework.AssertionFailedError: Implement me
	at grails.plugins.mail.visualization.ApplicationEmailTests.testConstraints(ApplicationEmailTests.groovy:15)
</failure>
  </testcase>
  <system-out><![CDATA[--Output from testConstraints--
]]></system-out>
  <system-err><![CDATA[--Output from testConstraints--
]]></system-err>
</testsuite>
